\BOOKMARK [1][-]{section.1}{\376\377\000C\000a\000t\000e\000g\000o\000r\000i\000c\000a\000l\000\040\000S\000e\000m\000a\000n\000t\000i\000c\000s\000\040\000o\000f\000\040\000E\000f\000f\000e\000c\000t\000s\000:\000\040\000A\000\040\000T\000y\000p\000i\000n\000g\000\040\000S\000y\000s\000t\000e\000m}{}% 1
\BOOKMARK [2][-]{subsection.1.1}{\376\377\000T\000y\000p\000i\000n\000g\000\040\000C\000a\000t\000e\000g\000o\000r\000y}{section.1}% 2
\BOOKMARK [3][-]{subsubsection.1.1.1}{\376\377\000T\000y\000p\000e\000s}{subsection.1.1}% 3
\BOOKMARK [3][-]{subsubsection.1.1.2}{\376\377\000F\000u\000n\000c\000t\000o\000r\000s\000,\000\040\000A\000p\000p\000l\000i\000c\000a\000t\000i\000v\000e\000s\000\040\000a\000n\000d\000\040\000M\000o\000n\000a\000d\000s}{subsection.1.1}% 4
\BOOKMARK [3][-]{subsubsection.1.1.3}{\376\377\000N\000a\000t\000u\000r\000a\000l\000\040\000T\000r\000a\000n\000s\000f\000o\000r\000m\000a\000t\000i\000o\000n\000s\000\040\000f\000o\000r\000\040\000H\000a\000n\000d\000l\000e\000r\000s\000\040\000a\000n\000d\000\040\000H\000i\000g\000h\000e\000r\000-\000O\000r\000d\000e\000r\000\040\000C\000o\000n\000s\000t\000r\000u\000c\000t\000s}{subsection.1.1}% 5
\BOOKMARK [2][-]{subsection.1.2}{\376\377\000T\000y\000p\000i\000n\000g\000\040\000J\000u\000d\000g\000e\000m\000e\000n\000t\000s}{section.1}% 6
\BOOKMARK [1][-]{section.2}{\376\377\000H\000a\000n\000d\000l\000i\000n\000g\000\040\000N\000o\000n\000-\000D\000e\000t\000e\000r\000m\000i\000n\000i\000s\000m}{}% 7
\BOOKMARK [2][-]{subsection.2.1}{\376\377\000S\000t\000r\000i\000n\000g\000\040\000D\000i\000a\000g\000r\000a\000m\000\040\000M\000o\000d\000e\000l\000i\000s\000a\000t\000i\000o\000n\000\040\000o\000f\000\040\000S\000e\000n\000t\000e\000n\000c\000e\000s}{section.2}% 8
\BOOKMARK [2][-]{subsection.2.2}{\376\377\000A\000c\000h\000i\000e\000v\000i\000n\000g\000\040\000N\000o\000r\000m\000a\000l\000\040\000F\000o\000r\000m\000s}{section.2}% 9
\BOOKMARK [3][-]{subsubsection.2.2.1}{\376\377\000T\000h\000e\000\040\000C\000o\000m\000p\000o\000s\000i\000t\000i\000o\000n\000\040\000D\000i\000l\000e\000m\000m\000a}{subsection.2.2}% 10
\BOOKMARK [3][-]{subsubsection.2.2.2}{\376\377\000E\000q\000u\000a\000t\000i\000o\000n\000s}{subsection.2.2}% 11
\BOOKMARK [2][-]{subsection.2.3}{\376\377\000C\000o\000m\000p\000u\000t\000i\000n\000g\000\040\000N\000o\000r\000m\000a\000l\000\040\000F\000o\000r\000m\000s}{section.2}% 12
\BOOKMARK [3][-]{subsubsection.2.3.1}{\376\377\000R\000e\000p\000r\000e\000s\000e\000n\000t\000i\000n\000g\000\040\000S\000t\000r\000i\000n\000g\000\040\000D\000i\000a\000g\000r\000a\000m\000s}{subsection.2.3}% 13
\BOOKMARK [3][-]{subsubsection.2.3.2}{\376\377\000E\000q\000u\000a\000t\000i\000o\000n\000a\000l\000\040\000R\000e\000d\000u\000c\000t\000i\000o\000n\000s}{subsection.2.3}% 14
\BOOKMARK [1][-]{section.3}{\376\377\000E\000f\000f\000i\000c\000i\000e\000n\000t\000\040\000S\000e\000m\000a\000n\000t\000i\000c\000\040\000P\000a\000r\000s\000i\000n\000g}{}% 15
\BOOKMARK [2][-]{subsection.3.1}{\376\377\000N\000a\000\357\000v\000e\000\040\000S\000e\000m\000a\000n\000t\000i\000c\000\040\000P\000a\000r\000s\000i\000n\000g\000\040\000o\000n\000\040\000S\000y\000n\000t\000a\000c\000t\000i\000c\000\040\000P\000a\000r\000s\000i\000n\000g}{section.3}% 16
\BOOKMARK [3][-]{subsubsection.3.1.1}{\376\377\000I\000s\000l\000a\000n\000d\000s}{subsection.3.1}% 17
\BOOKMARK [3][-]{subsubsection.3.1.2}{\376\377\000R\000e\000w\000r\000i\000t\000i\000n\000g\000\040\000R\000u\000l\000e\000s}{subsection.3.1}% 18
\BOOKMARK [3][-]{subsubsection.3.1.3}{\376\377\000M\000e\000a\000s\000u\000r\000i\000n\000g\000\040\000I\000m\000p\000r\000o\000v\000e\000m\000e\000n\000t\000s}{subsection.3.1}% 19
\BOOKMARK [2][-]{subsection.3.2}{\376\377\000S\000y\000n\000t\000a\000c\000t\000i\000c\000-\000S\000e\000m\000a\000n\000t\000i\000c\000\040\000P\000a\000r\000s\000i\000n\000g}{section.3}% 20
\BOOKMARK [1][-]{section.4}{\376\377\000L\000a\000n\000g\000u\000a\000g\000e\000\040\000T\000r\000a\000n\000s\000l\000a\000t\000i\000o\000n}{}% 21
\BOOKMARK [2][-]{subsection.4.1}{\376\377\000S\000y\000n\000t\000a\000x}{section.4}% 22
\BOOKMARK [2][-]{subsection.4.2}{\376\377\000L\000a\000m\000b\000d\000a\000-\000C\000a\000l\000c\000u\000l\000u\000s}{section.4}% 23
\BOOKMARK [3][-]{subsubsection.4.2.1}{\376\377\000T\000y\000p\000e\000s\000\040\000o\000f\000\040\000S\000y\000n\000t\000a\000x}{subsection.4.2}% 24
\BOOKMARK [3][-]{subsubsection.4.2.2}{\376\377\000L\000e\000x\000i\000c\000o\000n\000:\000\040\000S\000e\000m\000a\000n\000t\000i\000c\000\040\000D\000e\000n\000o\000t\000a\000t\000i\000o\000n\000s\000\040\000f\000o\000r\000\040\000W\000o\000r\000d\000s}{subsection.4.2}% 25
\BOOKMARK [3][-]{subsubsection.4.2.3}{\376\377\000E\000f\000f\000e\000c\000t\000s\000\040\000o\000f\000\040\000t\000h\000e\000\040\000L\000a\000n\000g\000u\000a\000g\000e}{subsection.4.2}% 26
\BOOKMARK [3][-]{subsubsection.4.2.4}{\376\377\000M\000o\000d\000a\000l\000i\000t\000y\000,\000\040\000P\000l\000u\000r\000a\000l\000i\000t\000y\000,\000\040\000A\000s\000p\000e\000c\000t\000,\000\040\000T\000e\000n\000s\000e}{subsection.4.2}% 27
\BOOKMARK [2][-]{subsection.4.3}{\376\377\000O\000t\000h\000e\000r\000\040\000R\000e\000p\000r\000e\000s\000e\000n\000t\000a\000t\000i\000o\000n\000\040\000o\000f\000\040\000C\000o\000n\000c\000e\000p\000t\000s}{section.4}% 28
\BOOKMARK [3][-]{subsubsection.4.3.1}{\376\377\000M\000a\000n\000i\000f\000o\000l\000d\000\040\000R\000e\000p\000r\000e\000s\000e\000n\000t\000a\000t\000i\000o\000n}{subsection.4.3}% 29
\BOOKMARK [3][-]{subsubsection.4.3.2}{\376\377\000V\000e\000c\000t\000o\000r\000\040\000R\000e\000p\000r\000e\000s\000e\000n\000t\000a\000t\000i\000o\000n}{subsection.4.3}% 30
\BOOKMARK [3][-]{subsubsection.4.3.3}{\376\377\000P\000r\000o\000b\000a\000b\000i\000l\000i\000s\000t\000i\000c\000\040\000M\000o\000n\000a\000d}{subsection.4.3}% 31
\BOOKMARK [1][-]{appendix.A}{\376\377\000B\000i\000b\000l\000i\000o\000g\000r\000a\000p\000h\000y}{}% 32
\BOOKMARK [1][-]{appendix.B}{\376\377\000O\000t\000h\000e\000r\000\040\000C\000o\000n\000s\000i\000d\000e\000r\000e\000d\000\040\000T\000h\000i\000n\000g\000s}{}% 33
\BOOKMARK [2][-]{subsection.B.1}{\376\377\000T\000y\000p\000i\000n\000g\000\040\000w\000i\000t\000h\000\040\000a\000\040\000P\000r\000o\000d\000u\000c\000t\000\040\000C\000a\000t\000e\000g\000o\000r\000y\000\040\000\050\000a\000n\000d\000\040\000a\000\040\000b\000i\000t\000\040\000o\000f\000\040\000p\000o\000l\000y\000m\000o\000r\000p\000h\000i\000s\000m\000\051}{appendix.B}% 34
\BOOKMARK [2][-]{subsection.B.2}{\376\377\000E\000n\000h\000a\000n\000c\000e\000d\000\040\000G\000r\000a\000m\000m\000a\000r}{appendix.B}% 35
